<?xml version='1.0' encoding='UTF-8'?>
<testsuite hostname="navafrancia" name="example.ListsSuite" tests="13" errors="0" failures="0" time="0.03">
                     <properties>
[...]
</properties>
                     <testcase classname="example.ListsSuite" name="one plus one is two" time="0.011">
                                                 
                                               </testcase><testcase classname="example.ListsSuite" name="one plus one is three?" time="0.0">
                                                 
                                               </testcase><testcase classname="example.ListsSuite" name="details why one plus one is not three" time="0.004">
                                                 
                                               </testcase><testcase classname="example.ListsSuite" name="intNotZero throws an exception if its argument is 0" time="0.001">
                                                 
                                               </testcase><testcase classname="example.ListsSuite" name="sum of a few numbers" time="0.007">
                                                 
                                               </testcase><testcase classname="example.ListsSuite" name="sum of an empty list" time="0.0">
                                                 
                                               </testcase><testcase classname="example.ListsSuite" name="sum of a list with negative numbers" time="0.0">
                                                 
                                               </testcase><testcase classname="example.ListsSuite" name="sum of repeated elements" time="0.0">
                                                 
                                               </testcase><testcase classname="example.ListsSuite" name="sum of zeros" time="0.001">
                                                 
                                               </testcase><testcase classname="example.ListsSuite" name="max of a few numbers" time="0.005">
                                                 
                                               </testcase><testcase classname="example.ListsSuite" name="max of some negative numbers" time="0.0">
                                                 
                                               </testcase><testcase classname="example.ListsSuite" name="max of an empty list" time="0.001">
                                                 
                                               </testcase><testcase classname="example.ListsSuite" name="max of some repeated elements" time="0.0">
                                                 
                                               </testcase>
                     <system-out></system-out>
                     <system-err></system-err>
                   </testsuite>